nohup: ignorando entrada

> portal-educacao-midiatica@0.1.0 dev
> concurrently "npm run dev --workspace=frontend" "npm run dev --workspace=backend"

[0] 
[0] > frontend@0.1.0 dev
[0] > next dev
[0] 
[1] 
[1] > backend@0.1.0 dev
[1] > tsx watch src/index.ts
[1] 
[0]  ⚠ Port 3000 is in use, trying 3001 instead.
[0]  ⚠ Port 3001 is in use, trying 3002 instead.
[1] node:events:486
[1]       throw er; // [1] npm run dev --workspace=backend exited with code SIGHUP
[0] npm run dev --workspace=frontend exited with code SIGHUP
etupListenHandle [as _listen2] (node:net:1940:16)
[1]     at listenInCluster (node:net:1997:12)
[1]     at Server.listen (node:net:2102:7)
[1]     at app.listen (/home/sergio/Área de trabalho/letramento_digital/portal-educacao-midiatica/node_modules/express/lib/application.js:635:24)
[1]     at express (/home/sergio/Área de trabalho/letramento_digital/portal-educacao-midiatica/backend/src/index.ts:34:5)
[1]     at Object.<anonymous> (/home/sergio/Área de trabalho/letramento_digital/portal-educacao-midiatica/backend/src/index.ts:36:2)
[1]     at Module._compile (node:internal/modules/cjs/loader:1760:14)
[1]     at Object.transformer (/home/sergio/Área de trabalho/letramento_digital/portal-educacao-midiatica/node_modules/tsx/dist/register-D46fvsV_.cjs:3:1104)
[1]     at Module.load (node:internal/modules/cjs/loader:1480:32)
[1]     at Module._load (node:internal/modules/cjs/loader:1299:12)
[1] Emitted 'error' event on Server instance at:
[1]     at emitErrorNT (node:net:1976:8)
[1]     at process.processTicksAndRejections (node:internal/process/task_queues:90:21) {
[1]   code: 'EADDRINUSE',
[1]   errno: -98,
[1]   syscall: 'listen',
[1]   address: '::',
[1]   port: 3001
[1] }
[1] 
[1] Node.js v24.11.0
[0]   ▲ Next.js 14.2.35
[0]   - Local:        http://localhost:3002
[0] 
[0]  ✓ Starting...
[0]  ✓ Ready in 1653ms
[1] npm run dev --workspace=backend exited with code SIGHUP
[0] npm run dev --workspace=frontend exited with code SIGHUP
